2020-08-19 18:42:28,167:INFO:PyCaret Classification Module
2020-08-19 18:42:28,167:INFO:version 2.0
2020-08-19 18:42:28,168:INFO:Initializing setup()
2020-08-19 18:42:28,168:INFO:USI: d23c
2020-08-19 18:42:28,173:INFO:setup(data=(77, 1943), target=0     1
1     1
2     1
3     1
4     1
     ..
72    3
73    3
74    3
75    3
76    3
Name: Unnamed: 0, Length: 77, dtype: int64, train_size=0.7, sampling=True, sample_estimator=None, categorical_features=None, categorical_imputation=constant, ordinal_features=None,
                    high_cardinality_features=None, high_cardinality_method=frequency, numeric_features=None, numeric_imputation=mean, date_features=None, ignore_features=None, normalize=False,
                    normalize_method=zscore, transformation=False, transformation_method=yeo-johnson, handle_unknown_categorical=True, unknown_categorical_method=least_frequent, pca=False, pca_method=linear,
                    pca_components=None, ignore_low_variance=False, combine_rare_levels=False, rare_level_threshold=0.1, bin_numeric_features=None, remove_outliers=False, outliers_threshold=0.05,
                    remove_multicollinearity=False, multicollinearity_threshold=0.9, remove_perfect_collinearity=False, create_clusters=False, cluster_iter=20,
                    polynomial_features=False, polynomial_degree=2, trigonometry_features=False, polynomial_threshold=0.1, group_features=None,
                    group_names=None, feature_selection=False, feature_selection_threshold=0.8, feature_interaction=False, feature_ratio=False, interaction_threshold=0.01,
                    fix_imbalance=False, fix_imbalance_method=None, data_split_shuffle=True, folds_shuffle=False, n_jobs=-1, html=True, session_id=None, log_experiment=False,
                    experiment_name=None, log_plots=False, log_profile=False, log_data=False, silent=False, verbose=True, profile=False)
2020-08-19 18:42:28,174:INFO:Checking environment
2020-08-19 18:42:28,175:INFO:python_version: 3.7.6
2020-08-19 18:42:28,175:INFO:python_build: ('default', 'Mar  5 2020 14:47:50')
2020-08-19 18:42:28,175:INFO:machine: AMD64
2020-08-19 18:42:28,177:INFO:platform: Windows-10-10.0.19041-SP0
2020-08-19 18:42:28,179:INFO:Memory: svmem(total=17073405952, available=6674264064, percent=60.9, used=10399141888, free=6674264064)
2020-08-19 18:42:28,179:INFO:Physical Core: 2
2020-08-19 18:42:28,180:INFO:Logical Core: 4
2020-08-19 18:42:28,180:INFO:Checking libraries
2020-08-19 18:42:28,180:INFO:pd==1.0.3
2020-08-19 18:42:28,181:INFO:numpy==1.18.5
2020-08-19 18:42:28,181:INFO:sklearn==0.23.2
2020-08-19 18:42:29,137:INFO:xgboost==1.1.1
2020-08-19 18:42:29,226:INFO:lightgbm==2.3.1
2020-08-19 18:42:29,378:INFO:catboost==0.24
2020-08-19 18:42:31,925:INFO:mlflow==1.10.0
2020-08-19 18:42:31,926:INFO:Checking Exceptions
2020-08-19 18:43:09,752:INFO:PyCaret Classification Module
2020-08-19 18:43:09,753:INFO:version 2.0
2020-08-19 18:43:09,754:INFO:Initializing setup()
2020-08-19 18:43:09,754:INFO:USI: 5408
2020-08-19 18:43:09,764:INFO:setup(data=(77, 1944), target=0     1
1     1
2     1
3     1
4     1
     ..
72    3
73    3
74    3
75    3
76    3
Name: Unnamed: 0, Length: 77, dtype: int64, train_size=0.7, sampling=True, sample_estimator=None, categorical_features=None, categorical_imputation=constant, ordinal_features=None,
                    high_cardinality_features=None, high_cardinality_method=frequency, numeric_features=None, numeric_imputation=mean, date_features=None, ignore_features=None, normalize=False,
                    normalize_method=zscore, transformation=False, transformation_method=yeo-johnson, handle_unknown_categorical=True, unknown_categorical_method=least_frequent, pca=False, pca_method=linear,
                    pca_components=None, ignore_low_variance=False, combine_rare_levels=False, rare_level_threshold=0.1, bin_numeric_features=None, remove_outliers=False, outliers_threshold=0.05,
                    remove_multicollinearity=False, multicollinearity_threshold=0.9, remove_perfect_collinearity=False, create_clusters=False, cluster_iter=20,
                    polynomial_features=False, polynomial_degree=2, trigonometry_features=False, polynomial_threshold=0.1, group_features=None,
                    group_names=None, feature_selection=False, feature_selection_threshold=0.8, feature_interaction=False, feature_ratio=False, interaction_threshold=0.01,
                    fix_imbalance=False, fix_imbalance_method=None, data_split_shuffle=True, folds_shuffle=False, n_jobs=-1, html=True, session_id=None, log_experiment=False,
                    experiment_name=None, log_plots=False, log_profile=False, log_data=False, silent=False, verbose=True, profile=False)
2020-08-19 18:43:09,765:INFO:Checking environment
2020-08-19 18:43:09,765:INFO:python_version: 3.7.6
2020-08-19 18:43:09,766:INFO:python_build: ('default', 'Mar  5 2020 14:47:50')
2020-08-19 18:43:09,766:INFO:machine: AMD64
2020-08-19 18:43:09,767:INFO:platform: Windows-10-10.0.19041-SP0
2020-08-19 18:43:09,767:INFO:Memory: svmem(total=17073405952, available=6832263168, percent=60.0, used=10241142784, free=6832263168)
2020-08-19 18:43:09,768:INFO:Physical Core: 2
2020-08-19 18:43:09,769:INFO:Logical Core: 4
2020-08-19 18:43:09,769:INFO:Checking libraries
2020-08-19 18:43:09,770:INFO:pd==1.0.3
2020-08-19 18:43:09,770:INFO:numpy==1.18.5
2020-08-19 18:43:09,771:INFO:sklearn==0.23.2
2020-08-19 18:43:09,772:INFO:xgboost==1.1.1
2020-08-19 18:43:09,773:INFO:lightgbm==2.3.1
2020-08-19 18:43:09,774:INFO:catboost==0.24
2020-08-19 18:43:09,774:INFO:mlflow==1.10.0
2020-08-19 18:43:09,774:INFO:Checking Exceptions
2020-08-19 18:43:24,927:INFO:PyCaret Classification Module
2020-08-19 18:43:24,927:INFO:version 2.0
2020-08-19 18:43:24,928:INFO:Initializing setup()
2020-08-19 18:43:24,928:INFO:USI: 98e5
2020-08-19 18:43:24,929:INFO:setup(data=(77, 1944), target=['Unnamed: 0'], train_size=0.7, sampling=True, sample_estimator=None, categorical_features=None, categorical_imputation=constant, ordinal_features=None,
                    high_cardinality_features=None, high_cardinality_method=frequency, numeric_features=None, numeric_imputation=mean, date_features=None, ignore_features=None, normalize=False,
                    normalize_method=zscore, transformation=False, transformation_method=yeo-johnson, handle_unknown_categorical=True, unknown_categorical_method=least_frequent, pca=False, pca_method=linear,
                    pca_components=None, ignore_low_variance=False, combine_rare_levels=False, rare_level_threshold=0.1, bin_numeric_features=None, remove_outliers=False, outliers_threshold=0.05,
                    remove_multicollinearity=False, multicollinearity_threshold=0.9, remove_perfect_collinearity=False, create_clusters=False, cluster_iter=20,
                    polynomial_features=False, polynomial_degree=2, trigonometry_features=False, polynomial_threshold=0.1, group_features=None,
                    group_names=None, feature_selection=False, feature_selection_threshold=0.8, feature_interaction=False, feature_ratio=False, interaction_threshold=0.01,
                    fix_imbalance=False, fix_imbalance_method=None, data_split_shuffle=True, folds_shuffle=False, n_jobs=-1, html=True, session_id=None, log_experiment=False,
                    experiment_name=None, log_plots=False, log_profile=False, log_data=False, silent=False, verbose=True, profile=False)
2020-08-19 18:43:24,930:INFO:Checking environment
2020-08-19 18:43:24,930:INFO:python_version: 3.7.6
2020-08-19 18:43:24,930:INFO:python_build: ('default', 'Mar  5 2020 14:47:50')
2020-08-19 18:43:24,931:INFO:machine: AMD64
2020-08-19 18:43:24,931:INFO:platform: Windows-10-10.0.19041-SP0
2020-08-19 18:43:24,932:INFO:Memory: svmem(total=17073405952, available=6825508864, percent=60.0, used=10247897088, free=6825508864)
2020-08-19 18:43:24,932:INFO:Physical Core: 2
2020-08-19 18:43:24,933:INFO:Logical Core: 4
2020-08-19 18:43:24,933:INFO:Checking libraries
2020-08-19 18:43:24,934:INFO:pd==1.0.3
2020-08-19 18:43:24,934:INFO:numpy==1.18.5
2020-08-19 18:43:24,935:INFO:sklearn==0.23.2
2020-08-19 18:43:24,936:INFO:xgboost==1.1.1
2020-08-19 18:43:24,936:INFO:lightgbm==2.3.1
2020-08-19 18:43:24,937:INFO:catboost==0.24
2020-08-19 18:43:24,937:INFO:mlflow==1.10.0
2020-08-19 18:43:24,938:INFO:Checking Exceptions
2020-08-19 18:43:35,172:INFO:PyCaret Classification Module
2020-08-19 18:43:35,173:INFO:version 2.0
2020-08-19 18:43:35,173:INFO:Initializing setup()
2020-08-19 18:43:35,174:INFO:USI: 6223
2020-08-19 18:43:35,175:INFO:setup(data=(77, 1944), target=Unnamed: 0, train_size=0.7, sampling=True, sample_estimator=None, categorical_features=None, categorical_imputation=constant, ordinal_features=None,
                    high_cardinality_features=None, high_cardinality_method=frequency, numeric_features=None, numeric_imputation=mean, date_features=None, ignore_features=None, normalize=False,
                    normalize_method=zscore, transformation=False, transformation_method=yeo-johnson, handle_unknown_categorical=True, unknown_categorical_method=least_frequent, pca=False, pca_method=linear,
                    pca_components=None, ignore_low_variance=False, combine_rare_levels=False, rare_level_threshold=0.1, bin_numeric_features=None, remove_outliers=False, outliers_threshold=0.05,
                    remove_multicollinearity=False, multicollinearity_threshold=0.9, remove_perfect_collinearity=False, create_clusters=False, cluster_iter=20,
                    polynomial_features=False, polynomial_degree=2, trigonometry_features=False, polynomial_threshold=0.1, group_features=None,
                    group_names=None, feature_selection=False, feature_selection_threshold=0.8, feature_interaction=False, feature_ratio=False, interaction_threshold=0.01,
                    fix_imbalance=False, fix_imbalance_method=None, data_split_shuffle=True, folds_shuffle=False, n_jobs=-1, html=True, session_id=None, log_experiment=False,
                    experiment_name=None, log_plots=False, log_profile=False, log_data=False, silent=False, verbose=True, profile=False)
2020-08-19 18:43:35,175:INFO:Checking environment
2020-08-19 18:43:35,176:INFO:python_version: 3.7.6
2020-08-19 18:43:35,176:INFO:python_build: ('default', 'Mar  5 2020 14:47:50')
2020-08-19 18:43:35,177:INFO:machine: AMD64
2020-08-19 18:43:35,177:INFO:platform: Windows-10-10.0.19041-SP0
2020-08-19 18:43:35,178:INFO:Memory: svmem(total=17073405952, available=6817751040, percent=60.1, used=10255654912, free=6817751040)
2020-08-19 18:43:35,178:INFO:Physical Core: 2
2020-08-19 18:43:35,179:INFO:Logical Core: 4
2020-08-19 18:43:35,180:INFO:Checking libraries
2020-08-19 18:43:35,180:INFO:pd==1.0.3
2020-08-19 18:43:35,181:INFO:numpy==1.18.5
2020-08-19 18:43:35,181:INFO:sklearn==0.23.2
2020-08-19 18:43:35,182:INFO:xgboost==1.1.1
2020-08-19 18:43:35,182:INFO:lightgbm==2.3.1
2020-08-19 18:43:35,182:INFO:catboost==0.24
2020-08-19 18:43:35,183:INFO:mlflow==1.10.0
2020-08-19 18:43:35,183:INFO:Checking Exceptions
2020-08-19 18:43:35,185:INFO:Preloading libraries
2020-08-19 18:43:35,186:INFO:Preparing display monitor
2020-08-19 18:43:35,758:INFO:Importing libraries
2020-08-19 18:43:38,761:INFO:Copying data for preprocessing
2020-08-19 18:43:38,764:INFO:Declaring global variables
2020-08-19 18:43:38,782:INFO:Declaring preprocessing parameters
2020-08-19 18:43:38,783:INFO:Importing preprocessing module
2020-08-19 18:43:41,731:INFO:Creating preprocessing pipeline
2020-08-19 18:44:14,770:INFO:Preprocessing pipeline created successfully
2020-08-19 18:44:14,771:INFO:Creating grid variables
2020-08-19 18:44:14,886:INFO:Creating global containers
2020-08-19 18:46:29,673:INFO:PyCaret Classification Module
2020-08-19 18:46:29,674:INFO:version 2.0
2020-08-19 18:46:29,675:INFO:Initializing setup()
2020-08-19 18:46:29,675:INFO:USI: 5fa7
2020-08-19 18:46:29,676:INFO:setup(data=(77, 1944), target=Unnamed: 0, train_size=0.7, sampling=True, sample_estimator=None, categorical_features=None, categorical_imputation=constant, ordinal_features=None,
                    high_cardinality_features=None, high_cardinality_method=frequency, numeric_features=None, numeric_imputation=mean, date_features=None, ignore_features=None, normalize=False,
                    normalize_method=zscore, transformation=False, transformation_method=yeo-johnson, handle_unknown_categorical=True, unknown_categorical_method=least_frequent, pca=False, pca_method=linear,
                    pca_components=None, ignore_low_variance=False, combine_rare_levels=False, rare_level_threshold=0.1, bin_numeric_features=None, remove_outliers=False, outliers_threshold=0.05,
                    remove_multicollinearity=False, multicollinearity_threshold=0.9, remove_perfect_collinearity=False, create_clusters=False, cluster_iter=20,
                    polynomial_features=False, polynomial_degree=2, trigonometry_features=False, polynomial_threshold=0.1, group_features=None,
                    group_names=None, feature_selection=False, feature_selection_threshold=0.8, feature_interaction=False, feature_ratio=False, interaction_threshold=0.01,
                    fix_imbalance=False, fix_imbalance_method=None, data_split_shuffle=True, folds_shuffle=False, n_jobs=-1, html=True, session_id=None, log_experiment=False,
                    experiment_name=None, log_plots=False, log_profile=False, log_data=False, silent=False, verbose=True, profile=False)
2020-08-19 18:46:29,677:INFO:Checking environment
2020-08-19 18:46:29,677:INFO:python_version: 3.7.6
2020-08-19 18:46:29,678:INFO:python_build: ('default', 'Mar  5 2020 14:47:50')
2020-08-19 18:46:29,678:INFO:machine: AMD64
2020-08-19 18:46:29,679:INFO:platform: Windows-10-10.0.19041-SP0
2020-08-19 18:46:29,679:INFO:Memory: svmem(total=17073405952, available=6699425792, percent=60.8, used=10373980160, free=6699425792)
2020-08-19 18:46:29,680:INFO:Physical Core: 2
2020-08-19 18:46:29,680:INFO:Logical Core: 4
2020-08-19 18:46:29,681:INFO:Checking libraries
2020-08-19 18:46:29,681:INFO:pd==1.0.3
2020-08-19 18:46:29,681:INFO:numpy==1.18.5
2020-08-19 18:46:29,682:INFO:sklearn==0.23.2
2020-08-19 18:46:29,682:INFO:xgboost==1.1.1
2020-08-19 18:46:29,683:INFO:lightgbm==2.3.1
2020-08-19 18:46:29,683:INFO:catboost==0.24
2020-08-19 18:46:29,684:INFO:mlflow==1.10.0
2020-08-19 18:46:29,684:INFO:Checking Exceptions
2020-08-19 18:46:29,686:INFO:Preloading libraries
2020-08-19 18:46:29,686:INFO:Preparing display monitor
2020-08-19 18:46:29,780:INFO:Importing libraries
2020-08-19 18:46:29,816:INFO:Copying data for preprocessing
2020-08-19 18:46:29,820:INFO:Declaring global variables
2020-08-19 18:46:29,857:INFO:Declaring preprocessing parameters
2020-08-19 18:46:29,860:INFO:Importing preprocessing module
2020-08-19 18:46:29,861:INFO:Creating preprocessing pipeline
2020-08-19 18:46:55,606:INFO:Preprocessing pipeline created successfully
2020-08-19 18:46:55,607:INFO:Creating grid variables
2020-08-19 18:46:55,777:INFO:Creating global containers
2020-08-19 18:48:29,606:INFO:PyCaret Classification Module
2020-08-19 18:48:29,607:INFO:version 2.0
2020-08-19 18:48:29,608:INFO:Initializing setup()
2020-08-19 18:48:29,609:INFO:USI: 415b
2020-08-19 18:48:29,610:INFO:setup(data=(77, 1944), target=Unnamed: 0, train_size=0.7, sampling=True, sample_estimator=None, categorical_features=None, categorical_imputation=constant, ordinal_features=None,
                    high_cardinality_features=None, high_cardinality_method=frequency, numeric_features=None, numeric_imputation=mean, date_features=None, ignore_features=None, normalize=False,
                    normalize_method=zscore, transformation=False, transformation_method=yeo-johnson, handle_unknown_categorical=True, unknown_categorical_method=least_frequent, pca=False, pca_method=linear,
                    pca_components=None, ignore_low_variance=False, combine_rare_levels=False, rare_level_threshold=0.1, bin_numeric_features=None, remove_outliers=False, outliers_threshold=0.05,
                    remove_multicollinearity=False, multicollinearity_threshold=0.9, remove_perfect_collinearity=False, create_clusters=False, cluster_iter=20,
                    polynomial_features=False, polynomial_degree=2, trigonometry_features=False, polynomial_threshold=0.1, group_features=None,
                    group_names=None, feature_selection=False, feature_selection_threshold=0.8, feature_interaction=False, feature_ratio=False, interaction_threshold=0.01,
                    fix_imbalance=False, fix_imbalance_method=None, data_split_shuffle=True, folds_shuffle=False, n_jobs=-1, html=True, session_id=None, log_experiment=False,
                    experiment_name=None, log_plots=False, log_profile=False, log_data=False, silent=False, verbose=True, profile=False)
2020-08-19 18:48:29,610:INFO:Checking environment
2020-08-19 18:48:29,611:INFO:python_version: 3.7.6
2020-08-19 18:48:29,611:INFO:python_build: ('default', 'Mar  5 2020 14:47:50')
2020-08-19 18:48:29,612:INFO:machine: AMD64
2020-08-19 18:48:29,612:INFO:platform: Windows-10-10.0.19041-SP0
2020-08-19 18:48:29,613:INFO:Memory: svmem(total=17073405952, available=6650114048, percent=61.0, used=10423291904, free=6650114048)
2020-08-19 18:48:29,613:INFO:Physical Core: 2
2020-08-19 18:48:29,614:INFO:Logical Core: 4
2020-08-19 18:48:29,614:INFO:Checking libraries
2020-08-19 18:48:29,615:INFO:pd==1.0.3
2020-08-19 18:48:29,615:INFO:numpy==1.18.5
2020-08-19 18:48:29,615:INFO:sklearn==0.23.2
2020-08-19 18:48:29,616:INFO:xgboost==1.1.1
2020-08-19 18:48:29,616:INFO:lightgbm==2.3.1
2020-08-19 18:48:29,617:INFO:catboost==0.24
2020-08-19 18:48:29,617:INFO:mlflow==1.10.0
2020-08-19 18:48:29,618:INFO:Checking Exceptions
2020-08-19 18:48:29,620:INFO:Preloading libraries
2020-08-19 18:48:29,620:INFO:Preparing display monitor
2020-08-19 18:48:29,723:INFO:Importing libraries
2020-08-19 18:48:29,765:INFO:Copying data for preprocessing
2020-08-19 18:48:29,768:INFO:Declaring global variables
2020-08-19 18:48:29,797:INFO:Declaring preprocessing parameters
2020-08-19 18:48:29,798:INFO:Importing preprocessing module
2020-08-19 18:48:29,799:INFO:Creating preprocessing pipeline
2020-08-19 18:48:44,251:INFO:Preprocessing pipeline created successfully
2020-08-19 18:48:44,251:INFO:Creating grid variables
2020-08-19 18:48:44,328:INFO:Creating global containers
2020-08-19 18:56:44,077:INFO:PyCaret Classification Module
2020-08-19 18:56:44,078:INFO:version 2.0
2020-08-19 18:56:44,078:INFO:Initializing setup()
2020-08-19 18:56:44,079:INFO:USI: 25b1
2020-08-19 18:56:44,079:INFO:setup(data=(77, 1944), target=Unnamed: 0, train_size=0.7, sampling=True, sample_estimator=None, categorical_features=None, categorical_imputation=constant, ordinal_features=None,
                    high_cardinality_features=None, high_cardinality_method=frequency, numeric_features=None, numeric_imputation=mean, date_features=None, ignore_features=None, normalize=False,
                    normalize_method=zscore, transformation=False, transformation_method=yeo-johnson, handle_unknown_categorical=True, unknown_categorical_method=least_frequent, pca=False, pca_method=linear,
                    pca_components=None, ignore_low_variance=False, combine_rare_levels=False, rare_level_threshold=0.1, bin_numeric_features=None, remove_outliers=False, outliers_threshold=0.05,
                    remove_multicollinearity=False, multicollinearity_threshold=0.9, remove_perfect_collinearity=False, create_clusters=False, cluster_iter=20,
                    polynomial_features=False, polynomial_degree=2, trigonometry_features=False, polynomial_threshold=0.1, group_features=None,
                    group_names=None, feature_selection=False, feature_selection_threshold=0.8, feature_interaction=False, feature_ratio=False, interaction_threshold=0.01,
                    fix_imbalance=False, fix_imbalance_method=None, data_split_shuffle=True, folds_shuffle=False, n_jobs=-1, html=True, session_id=None, log_experiment=False,
                    experiment_name=None, log_plots=False, log_profile=False, log_data=False, silent=False, verbose=True, profile=False)
2020-08-19 18:56:44,080:INFO:Checking environment
2020-08-19 18:56:44,081:INFO:python_version: 3.7.6
2020-08-19 18:56:44,081:INFO:python_build: ('default', 'Mar  5 2020 14:47:50')
2020-08-19 18:56:44,082:INFO:machine: AMD64
2020-08-19 18:56:44,082:INFO:platform: Windows-10-10.0.19041-SP0
2020-08-19 18:56:44,083:INFO:Memory: svmem(total=17073405952, available=6368952320, percent=62.7, used=10704453632, free=6368952320)
2020-08-19 18:56:44,083:INFO:Physical Core: 2
2020-08-19 18:56:44,084:INFO:Logical Core: 4
2020-08-19 18:56:44,084:INFO:Checking libraries
2020-08-19 18:56:44,085:INFO:pd==1.0.3
2020-08-19 18:56:44,086:INFO:numpy==1.18.5
2020-08-19 18:56:44,086:INFO:sklearn==0.23.2
2020-08-19 18:56:44,087:INFO:xgboost==1.1.1
2020-08-19 18:56:44,087:INFO:lightgbm==2.3.1
2020-08-19 18:56:44,088:INFO:catboost==0.24
2020-08-19 18:56:44,089:INFO:mlflow==1.10.0
2020-08-19 18:56:44,089:INFO:Checking Exceptions
2020-08-19 18:56:44,091:INFO:Preloading libraries
2020-08-19 18:56:44,092:INFO:Preparing display monitor
2020-08-19 18:56:44,196:INFO:Importing libraries
2020-08-19 18:56:44,236:INFO:Copying data for preprocessing
2020-08-19 18:56:44,241:INFO:Declaring global variables
2020-08-19 18:56:44,281:INFO:Declaring preprocessing parameters
2020-08-19 18:56:44,282:INFO:Importing preprocessing module
2020-08-19 18:56:44,283:INFO:Creating preprocessing pipeline
2020-08-19 18:56:59,085:INFO:Preprocessing pipeline created successfully
2020-08-19 18:56:59,085:INFO:Creating grid variables
2020-08-19 18:56:59,165:INFO:Creating global containers
